<?xml version="1.0" encoding="UTF-8"?>
<!-- Generated by org.testng.reporters.JUnitXMLReporter -->
<testsuite ignored="0" hostname="DESKTOP-N2GJ8F5" failures="0" tests="3" name="Registration Page Test" time="13.771" errors="0" timestamp="2024-05-15T11:24:11 IST">
  <testcase classname="com.opencart.tests.RegistrationPageTest" name="userRegTest" time="3.336"/>
  <testcase classname="com.opencart.tests.RegistrationPageTest" name="userRegTest" time="2.804"/>
  <testcase classname="com.opencart.tests.RegistrationPageTest" name="userRegTest" time="2.691"/>
</testsuite> <!-- Registration Page Test -->
