<?xml version="1.0" encoding="UTF-8"?>
<!-- Generated by org.testng.reporters.JUnitXMLReporter -->
<testsuite ignored="0" hostname="DESKTOP-K3537LT" failures="0" tests="3" name="Registration Page Test" time="54.716" errors="0" timestamp="2024-03-15T10:03:54 IST">
  <testcase classname="com.opencart.tests.RegistrationPageTest" name="userRegTest" time="4.08"/>
  <testcase classname="com.opencart.tests.RegistrationPageTest" name="userRegTest" time="3.654"/>
  <testcase classname="com.opencart.tests.RegistrationPageTest" name="userRegTest" time="3.261"/>
</testsuite> <!-- Registration Page Test -->
