<?xml version="1.0" encoding="UTF-8"?>
<!-- Generated by org.testng.reporters.JUnitXMLReporter -->
<testsuite ignored="0" hostname="DESKTOP-K3537LT" failures="0" tests="3" name="Registration Page Test" time="15.0" errors="0" timestamp="2024-03-14T14:52:04 IST">
  <testcase classname="com.opencart.tests.RegistrationPageTest" name="userRegTest" time="3.286"/>
  <testcase classname="com.opencart.tests.RegistrationPageTest" name="userRegTest" time="2.706"/>
  <testcase classname="com.opencart.tests.RegistrationPageTest" name="userRegTest" time="2.577"/>
</testsuite> <!-- Registration Page Test -->
