-------------------------------------------------------------------------------
Test set: TestSuite
-------------------------------------------------------------------------------
Tests run: 8, Failures: 1, Errors: 0, Skipped: 3, Time elapsed: 15.968 s <<< FAILURE! - in TestSuite
isSearchFieldExistTest(com.opencart.tests.AccountsPageTest)  Time elapsed: 0.008 s  <<< FAILURE!
java.lang.AssertionError: expected [true] but found [false]
	at com.opencart.tests.AccountsPageTest.isSearchFieldExistTest(AccountsPageTest.java:20)

