<?xml version="1.0" encoding="UTF-8"?>
<testsuite xmlns:xsi="http://www.w3.org/2001/XMLSchema-instance" xsi:noNamespaceSchemaLocation="https://maven.apache.org/surefire/maven-surefire-plugin/xsd/surefire-test-report.xsd" name="TestSuite" time="15.968" tests="8" errors="0" skipped="3" failures="1">
  <properties>
[...]
</properties>
  <testcase name="loginPageTitleTest" classname="com.opencart.tests.LoginPageTest" time="0.937"/>
  <testcase name="isSearchFieldExistTest" classname="com.opencart.tests.AccountsPageTest" time="0">
    <skipped message="expected [true] but found [false]"/>
    <system-out><![CDATA[loginPageTitleTest passed!
Test Suite is ending!
Credentials are: dfgh@gmail.com and 1234
userRegTest started!
user is logged in successfully
isSearchFieldExistTest started!
]]></system-out>
  </testcase>
  <testcase name="isSearchFieldExistTest" classname="com.opencart.tests.AccountsPageTest" time="0">
    <skipped message="expected [true] but found [false]"/>
    <system-out><![CDATA[isSearchFieldExistTest skipped!
isSearchFieldExistTest started!
]]></system-out>
  </testcase>
  <testcase name="isSearchFieldExistTest" classname="com.opencart.tests.AccountsPageTest" time="0">
    <skipped message="expected [true] but found [false]"/>
    <system-out><![CDATA[isSearchFieldExistTest skipped!
isSearchFieldExistTest started!
]]></system-out>
  </testcase>
  <testcase name="isSearchFieldExistTest" classname="com.opencart.tests.AccountsPageTest" time="0.008">
    <failure message="expected [true] but found [false]" type="java.lang.AssertionError">java.lang.AssertionError: expected [true] but found [false]
	at com.opencart.tests.AccountsPageTest.isSearchFieldExistTest(AccountsPageTest.java:20)
</failure>
    <system-out><![CDATA[isSearchFieldExistTest skipped!
isSearchFieldExistTest started!
]]></system-out>
  </testcase>
  <testcase name="userRegTest" classname="com.opencart.tests.RegistrationPageTest" time="2.362"/>
  <testcase name="userRegTest" classname="com.opencart.tests.RegistrationPageTest" time="2.707"/>
  <testcase name="userRegTest" classname="com.opencart.tests.RegistrationPageTest" time="2.578"/>
</testsuite>