<?xml version="1.0" encoding="UTF-8"?>
<testng-results ignored="0" total="5" passed="4" failed="1" skipped="0">
  <reporter-output>
  </reporter-output>
  <suite started-at="2024-03-15T10:02:59 IST" name="Opencart app Test Regression Suite" finished-at="2024-03-15T10:03:54 IST" duration-ms="54716">
    <groups>
    </groups>
    <test started-at="2024-03-15T10:02:59 IST" name="Login Page Test" finished-at="2024-03-15T10:03:39 IST" duration-ms="39914">
      <class name="com.opencart.tests.LoginPageTest">
        <test-method is-config="true" signature="setUp(java.lang.String)[pri:0, instance:com.opencart.tests.LoginPageTest@78d9f51b]" started-at="2024-03-15T10:02:59 IST" name="setUp" finished-at="2024-03-15T10:03:34 IST" duration-ms="35141" status="PASS">
          <params>
            <param index="0">
              <value>
                <![CDATA[chrome]]>
              </value>
            </param>
          </params>
          <reporter-output>
          </reporter-output>
        </test-method> <!-- setUp -->
        <test-method signature="loginPageTitleTest()[pri:0, instance:com.opencart.tests.LoginPageTest@78d9f51b]" started-at="2024-03-15T10:03:36 IST" name="loginPageTitleTest" finished-at="2024-03-15T10:03:38 IST" duration-ms="2562" status="PASS">
          <reporter-output>
          </reporter-output>
        </test-method> <!-- loginPageTitleTest -->
        <test-method is-config="true" signature="tearDown()[pri:0, instance:com.opencart.tests.LoginPageTest@78d9f51b]" started-at="2024-03-15T10:03:39 IST" name="tearDown" finished-at="2024-03-15T10:03:39 IST" duration-ms="0" status="PASS">
          <reporter-output>
          </reporter-output>
        </test-method> <!-- tearDown -->
      </class> <!-- com.opencart.tests.LoginPageTest -->
    </test> <!-- Login Page Test -->
    <test started-at="2024-03-15T10:02:59 IST" name="Accounts Page Test" finished-at="2024-03-15T10:03:39 IST" duration-ms="40118">
      <class name="com.opencart.tests.AccountsPageTest">
        <test-method is-config="true" signature="setUp(java.lang.String)[pri:0, instance:com.opencart.tests.AccountsPageTest@5b40de43]" started-at="2024-03-15T10:02:59 IST" name="setUp" finished-at="2024-03-15T10:03:33 IST" duration-ms="33965" status="PASS">
          <params>
            <param index="0">
              <value>
                <![CDATA[edge]]>
              </value>
            </param>
          </params>
          <reporter-output>
          </reporter-output>
        </test-method> <!-- setUp -->
        <test-method is-config="true" signature="accSetup()[pri:0, instance:com.opencart.tests.AccountsPageTest@5b40de43]" started-at="2024-03-15T10:03:36 IST" name="accSetup" finished-at="2024-03-15T10:03:38 IST" duration-ms="2560" status="PASS">
          <reporter-output>
          </reporter-output>
        </test-method> <!-- accSetup -->
        <test-method signature="isSearchFieldExistTest()[pri:0, instance:com.opencart.tests.AccountsPageTest@5b40de43]" started-at="2024-03-15T10:03:38 IST" name="isSearchFieldExistTest" finished-at="2024-03-15T10:03:38 IST" duration-ms="103" status="FAIL">
          <exception class="java.lang.AssertionError">
            <message>
              <![CDATA[expected [true] but found [false]]]>
            </message>
            <full-stacktrace>
              <![CDATA[java.lang.AssertionError: expected [true] but found [false]
at org.testng.Assert.fail(Assert.java:111)
at org.testng.Assert.failNotEquals(Assert.java:1578)
at org.testng.Assert.assertTrue(Assert.java:57)
at org.testng.Assert.assertTrue(Assert.java:67)
at com.opencart.tests.AccountsPageTest.isSearchFieldExistTest(AccountsPageTest.java:20)
at java.base/jdk.internal.reflect.NativeMethodAccessorImpl.invoke0(Native Method)
at java.base/jdk.internal.reflect.NativeMethodAccessorImpl.invoke(NativeMethodAccessorImpl.java:62)
at java.base/jdk.internal.reflect.DelegatingMethodAccessorImpl.invoke(DelegatingMethodAccessorImpl.java:43)
at java.base/java.lang.reflect.Method.invoke(Method.java:566)
at org.testng.internal.invokers.MethodInvocationHelper.invokeMethod(MethodInvocationHelper.java:139)
at org.testng.internal.invokers.TestInvoker.invokeMethod(TestInvoker.java:664)
at org.testng.internal.invokers.TestInvoker.invokeTestMethod(TestInvoker.java:228)
at org.testng.internal.invokers.MethodRunner.runInSequence(MethodRunner.java:63)
at org.testng.internal.invokers.TestInvoker$MethodInvocationAgent.invoke(TestInvoker.java:961)
at org.testng.internal.invokers.TestInvoker.invokeTestMethods(TestInvoker.java:201)
at org.testng.internal.invokers.TestMethodWorker.invokeTestMethods(TestMethodWorker.java:148)
at org.testng.internal.invokers.TestMethodWorker.run(TestMethodWorker.java:128)
at java.base/java.util.ArrayList.forEach(ArrayList.java:1541)
at org.testng.TestRunner.privateRun(TestRunner.java:819)
at org.testng.TestRunner.run(TestRunner.java:619)
at org.testng.SuiteRunner.runTest(SuiteRunner.java:443)
at org.testng.SuiteRunner$SuiteWorker.run(SuiteRunner.java:481)
at org.testng.internal.thread.ThreadUtil.lambda$execute$0(ThreadUtil.java:58)
at java.base/java.util.concurrent.FutureTask.run(FutureTask.java:264)
at java.base/java.util.concurrent.ThreadPoolExecutor.runWorker(ThreadPoolExecutor.java:1128)
at java.base/java.util.concurrent.ThreadPoolExecutor$Worker.run(ThreadPoolExecutor.java:628)
at java.base/java.lang.Thread.run(Thread.java:834)
]]>
            </full-stacktrace>
          </exception> <!-- java.lang.AssertionError -->
          <reporter-output>
          </reporter-output>
        </test-method> <!-- isSearchFieldExistTest -->
        <test-method is-config="true" signature="tearDown()[pri:0, instance:com.opencart.tests.AccountsPageTest@5b40de43]" started-at="2024-03-15T10:03:39 IST" name="tearDown" finished-at="2024-03-15T10:03:39 IST" duration-ms="2" status="PASS">
          <reporter-output>
          </reporter-output>
        </test-method> <!-- tearDown -->
      </class> <!-- com.opencart.tests.AccountsPageTest -->
    </test> <!-- Accounts Page Test -->
    <test started-at="2024-03-15T10:02:59 IST" name="Registration Page Test" finished-at="2024-03-15T10:03:54 IST" duration-ms="54716">
      <class name="com.opencart.tests.RegistrationPageTest">
        <test-method is-config="true" signature="setUp(java.lang.String)[pri:0, instance:com.opencart.tests.RegistrationPageTest@73613ae5]" started-at="2024-03-15T10:02:59 IST" name="setUp" finished-at="2024-03-15T10:03:36 IST" duration-ms="36906" status="PASS">
          <params>
            <param index="0">
              <value>
                <![CDATA[chrome]]>
              </value>
            </param>
          </params>
          <reporter-output>
          </reporter-output>
        </test-method> <!-- setUp -->
        <test-method is-config="true" signature="accSetup()[pri:0, instance:com.opencart.tests.RegistrationPageTest@73613ae5]" started-at="2024-03-15T10:03:36 IST" name="accSetup" finished-at="2024-03-15T10:03:38 IST" duration-ms="1914" status="PASS">
          <reporter-output>
          </reporter-output>
        </test-method> <!-- accSetup -->
        <test-method signature="userRegTest(java.lang.String,java.lang.String,java.lang.String,java.lang.String,java.lang.String)[pri:0, instance:com.opencart.tests.RegistrationPageTest@73613ae5]" started-at="2024-03-15T10:03:42 IST" name="userRegTest" data-provider="getUserRegTestExcelData" finished-at="2024-03-15T10:03:47 IST" duration-ms="4080" status="PASS">
          <params>
            <param index="0">
              <value>
                <![CDATA[Rahul]]>
              </value>
            </param>
            <param index="1">
              <value>
                <![CDATA[yadav]]>
              </value>
            </param>
            <param index="2">
              <value>
                <![CDATA[9876765456]]>
              </value>
            </param>
            <param index="3">
              <value>
                <![CDATA[test@123]]>
              </value>
            </param>
            <param index="4">
              <value>
                <![CDATA[yes]]>
              </value>
            </param>
          </params>
          <reporter-output>
          </reporter-output>
        </test-method> <!-- userRegTest -->
        <test-method signature="userRegTest(java.lang.String,java.lang.String,java.lang.String,java.lang.String,java.lang.String)[pri:0, instance:com.opencart.tests.RegistrationPageTest@73613ae5]" started-at="2024-03-15T10:03:47 IST" name="userRegTest" data-provider="getUserRegTestExcelData" finished-at="2024-03-15T10:03:50 IST" duration-ms="3654" status="PASS">
          <params>
            <param index="0">
              <value>
                <![CDATA[Karishama]]>
              </value>
            </param>
            <param index="1">
              <value>
                <![CDATA[automation]]>
              </value>
            </param>
            <param index="2">
              <value>
                <![CDATA[9876545678]]>
              </value>
            </param>
            <param index="3">
              <value>
                <![CDATA[test@123]]>
              </value>
            </param>
            <param index="4">
              <value>
                <![CDATA[no]]>
              </value>
            </param>
          </params>
          <reporter-output>
          </reporter-output>
        </test-method> <!-- userRegTest -->
        <test-method signature="userRegTest(java.lang.String,java.lang.String,java.lang.String,java.lang.String,java.lang.String)[pri:0, instance:com.opencart.tests.RegistrationPageTest@73613ae5]" started-at="2024-03-15T10:03:50 IST" name="userRegTest" data-provider="getUserRegTestExcelData" finished-at="2024-03-15T10:03:54 IST" duration-ms="3261" status="PASS">
          <params>
            <param index="0">
              <value>
                <![CDATA[Jyothi]]>
              </value>
            </param>
            <param index="1">
              <value>
                <![CDATA[automation]]>
              </value>
            </param>
            <param index="2">
              <value>
                <![CDATA[8787878767]]>
              </value>
            </param>
            <param index="3">
              <value>
                <![CDATA[test@1234]]>
              </value>
            </param>
            <param index="4">
              <value>
                <![CDATA[yes]]>
              </value>
            </param>
          </params>
          <reporter-output>
          </reporter-output>
        </test-method> <!-- userRegTest -->
        <test-method is-config="true" signature="tearDown()[pri:0, instance:com.opencart.tests.RegistrationPageTest@73613ae5]" started-at="2024-03-15T10:03:54 IST" name="tearDown" finished-at="2024-03-15T10:03:54 IST" duration-ms="3" status="PASS">
          <reporter-output>
          </reporter-output>
        </test-method> <!-- tearDown -->
      </class> <!-- com.opencart.tests.RegistrationPageTest -->
    </test> <!-- Registration Page Test -->
  </suite> <!-- Opencart app Test Regression Suite -->
</testng-results>
